<?xml version="1.0" encoding="UTF-8"?>
<testng-results skipped="0" failed="0" ignored="0" total="3" passed="3">
  <reporter-output>
  </reporter-output>
  <suite name="Default suite" duration-ms="8050" started-at="2019-07-19T18:13:49Z" finished-at="2019-07-19T18:13:57Z">
    <groups>
    </groups>
    <test name="Default test" duration-ms="8050" started-at="2019-07-19T18:13:49Z" finished-at="2019-07-19T18:13:57Z">
      <class name="com.relayr.restapi.Relayr">
        <test-method status="PASS" signature="getData()[pri:0, instance:com.relayr.restapi.Relayr@31610302]" name="getData" is-config="true" duration-ms="6" started-at="2019-07-19T23:43:49Z" finished-at="2019-07-19T23:43:49Z">
          <reporter-output>
          </reporter-output>
        </test-method> <!-- getData -->
        <test-method status="PASS" signature="Employee1()[pri:0, instance:com.relayr.restapi.Relayr@31610302]" name="Employee1" duration-ms="3884" started-at="2019-07-19T23:43:49Z" finished-at="2019-07-19T23:43:52Z">
          <reporter-output>
          </reporter-output>
        </test-method> <!-- Employee1 -->
        <test-method status="PASS" signature="Employee2()[pri:0, instance:com.relayr.restapi.Relayr@31610302]" name="Employee2" duration-ms="2078" started-at="2019-07-19T23:43:52Z" finished-at="2019-07-19T23:43:55Z">
          <reporter-output>
          </reporter-output>
        </test-method> <!-- Employee2 -->
        <test-method status="PASS" signature="Employee3()[pri:0, instance:com.relayr.restapi.Relayr@31610302]" name="Employee3" duration-ms="2067" started-at="2019-07-19T23:43:55Z" finished-at="2019-07-19T23:43:57Z">
          <reporter-output>
          </reporter-output>
        </test-method> <!-- Employee3 -->
      </class> <!-- com.relayr.restapi.Relayr -->
    </test> <!-- Default test -->
  </suite> <!-- Default suite -->
</testng-results>
